e:\users\pahi\me\t4-master\t4\t4\x64\release\vc141.pdb
e:\users\pahi\me\t4-master\t4\t4\x64\release\w_sqrt.obj
e:\users\pahi\me\t4-master\t4\t4\x64\release\w_remainder.obj
e:\users\pahi\me\t4-master\t4\t4\x64\release\s_scalbnf.obj
e:\users\pahi\me\t4-master\t4\t4\x64\release\s_scalbn.obj
e:\users\pahi\me\t4-master\t4\t4\x64\release\s_ldexpf.obj
e:\users\pahi\me\t4-master\t4\t4\x64\release\s_ldexp.obj
e:\users\pahi\me\t4-master\t4\t4\x64\release\shlink.obj
e:\users\pahi\me\t4-master\t4\t4\x64\release\server.obj
e:\users\pahi\me\t4-master\t4\t4\x64\release\p.obj
e:\users\pahi\me\t4-master\t4\t4\x64\release\netcfg.obj
e:\users\pahi\me\t4-master\t4\t4\x64\release\main.obj
e:\users\pahi\me\t4-master\t4\t4\x64\release\k_standard.obj
e:\users\pahi\me\t4-master\t4\t4\x64\release\gettimeofday.obj
e:\users\pahi\me\t4-master\t4\t4\x64\release\fparithmetic.obj
e:\users\pahi\me\t4-master\t4\t4\x64\release\e_sqrt.obj
e:\users\pahi\me\t4-master\t4\t4\x64\release\e_remainder.obj
e:\users\pahi\me\t4-master\t4\t4\x64\release\e_fmod.obj
e:\users\pahi\me\t4-master\t4\t4\x64\release\curterm.obj
e:\users\pahi\me\t4-master\t4\t4\x64\release\arithmetic.obj
e:\users\pahi\me\t4-master\t4\x64\release\t4.exe
e:\users\pahi\me\t4-master\t4\x64\release\t4.pgd
e:\users\pahi\me\t4-master\t4\x64\release\t4.pdb
e:\users\pahi\me\t4-master\t4\t4\x64\release\t4.tlog\cl.command.1.tlog
e:\users\pahi\me\t4-master\t4\t4\x64\release\t4.tlog\cl.read.1.tlog
e:\users\pahi\me\t4-master\t4\t4\x64\release\t4.tlog\cl.write.1.tlog
e:\users\pahi\me\t4-master\t4\t4\x64\release\t4.tlog\link.command.1.tlog
e:\users\pahi\me\t4-master\t4\t4\x64\release\t4.tlog\link.read.1.tlog
e:\users\pahi\me\t4-master\t4\t4\x64\release\t4.tlog\link.write.1.tlog
